2025-10-20 21:14:04,779 - INFO - Starting model training...
2025-10-20 21:14:04,779 - INFO - Number of training samples: 120
2025-10-20 21:14:04,779 - INFO - Number of testing samples: 30
2025-10-20 21:14:04,794 - INFO - Model training completed.
2025-10-20 21:14:04,795 - INFO - Model accuracy on test data: 1.00
2025-10-20 21:14:04,796 - INFO - F1 Score: 1.00
2025-10-20 21:14:04,796 - INFO - True Negative: [20 21 19]
2025-10-20 21:14:04,796 - INFO - False Positive: [0 0 0]
2025-10-20 21:14:04,796 - INFO - False Negative: [0 0 0]
2025-10-20 21:14:04,796 - INFO - True Positive: [10  9 11]
2025-10-20 21:14:04,796 - INFO - False Positive Rate: [0. 0. 0.]
2025-10-20 21:14:04,796 - INFO - False Negative Rate: [0. 0. 0.]
2025-10-20 21:14:04,796 - INFO - Model coefficients: [[-0.39349364  0.96246717 -2.3751418  -0.99874814]
 [ 0.50845582 -0.25479812 -0.21300858 -0.77574559]
 [-0.11496218 -0.70766905  2.58815039  1.77449373]]
2025-10-20 21:14:04,797 - INFO - Model intercept: [  9.00921377   1.86882515 -10.87803892]
2025-10-20 21:41:50,994 - INFO - Starting model training...
2025-10-20 21:41:50,994 - INFO - Number of training samples: 120
2025-10-20 21:41:50,994 - INFO - Number of testing samples: 30
2025-10-20 21:41:51,003 - INFO - Model training completed.
2025-10-20 21:41:51,004 - INFO - Model accuracy on test data: 1.00
2025-10-20 21:41:51,005 - INFO - F1 Score: 1.00
2025-10-20 21:41:51,005 - INFO - True Negative: [20 21 19]
2025-10-20 21:41:51,005 - INFO - False Positive: [0 0 0]
2025-10-20 21:41:51,005 - INFO - False Negative: [0 0 0]
2025-10-20 21:41:51,005 - INFO - True Positive: [10  9 11]
2025-10-20 21:41:51,005 - INFO - False Positive Rate: [0. 0. 0.]
2025-10-20 21:41:51,005 - INFO - False Negative Rate: [0. 0. 0.]
2025-10-20 21:41:51,005 - INFO - Model coefficients: [[-0.39349364  0.96246717 -2.3751418  -0.99874814]
 [ 0.50845582 -0.25479812 -0.21300858 -0.77574559]
 [-0.11496218 -0.70766905  2.58815039  1.77449373]]
2025-10-20 21:41:51,005 - INFO - Model intercept: [  9.00921377   1.86882515 -10.87803892]
2025-10-20 21:41:51,005 - INFO - Mock run 1: F1 Score: 0.857
2025-10-20 21:41:51,005 - INFO - Mock run 1: False Positive Rate: 0.022
2025-10-20 21:41:51,005 - INFO - Mock run 1: False Negative Rate: 0.094
2025-10-20 21:41:53,011 - INFO - Mock run 2: F1 Score: 0.864
2025-10-20 21:41:53,012 - INFO - Mock run 2: False Positive Rate: 0.283
2025-10-20 21:41:53,012 - INFO - Mock run 2: False Negative Rate: 0.268
2025-10-20 21:41:55,015 - INFO - Mock run 3: F1 Score: 0.711
2025-10-20 21:41:55,016 - INFO - Mock run 3: False Positive Rate: 0.165
2025-10-20 21:41:55,016 - INFO - Mock run 3: False Negative Rate: 0.263
2025-10-20 21:41:57,017 - INFO - Mock run 4: F1 Score: 0.787
2025-10-20 21:41:57,018 - INFO - Mock run 4: False Positive Rate: 0.277
2025-10-20 21:41:57,018 - INFO - Mock run 4: False Negative Rate: 0.09
2025-10-20 21:41:59,022 - INFO - Mock run 5: F1 Score: 0.951
2025-10-20 21:41:59,022 - INFO - Mock run 5: False Positive Rate: 0.033
2025-10-20 21:41:59,022 - INFO - Mock run 5: False Negative Rate: 0.086
2025-10-20 21:42:01,025 - INFO - Mock run 6: F1 Score: 0.728
2025-10-20 21:42:01,025 - INFO - Mock run 6: False Positive Rate: 0.17
2025-10-20 21:42:01,026 - INFO - Mock run 6: False Negative Rate: 0.1
2025-10-20 21:42:03,031 - INFO - Mock run 7: F1 Score: 0.743
2025-10-20 21:42:03,036 - INFO - Mock run 7: False Positive Rate: 0.295
2025-10-20 21:42:03,038 - INFO - Mock run 7: False Negative Rate: 0.289
2025-10-20 21:42:05,044 - INFO - Mock run 8: F1 Score: 0.703
2025-10-20 21:42:05,044 - INFO - Mock run 8: False Positive Rate: 0.289
2025-10-20 21:42:05,044 - INFO - Mock run 8: False Negative Rate: 0.216
2025-10-20 21:42:07,048 - INFO - Mock run 9: F1 Score: 0.842
2025-10-20 21:42:07,048 - INFO - Mock run 9: False Positive Rate: 0.013
2025-10-20 21:42:07,048 - INFO - Mock run 9: False Negative Rate: 0.048
2025-10-20 21:42:09,052 - INFO - Mock run 10: F1 Score: 0.708
2025-10-20 21:42:09,052 - INFO - Mock run 10: False Positive Rate: 0.081
2025-10-20 21:42:09,053 - INFO - Mock run 10: False Negative Rate: 0.167
